08:25:34 === Gen18 Start ===
08:25:34 Queue may have pending jobs ahead. Submitting 18 jobs...
08:25:34   ⏳ aquarium-futterautomat-guide-2026 → gen_513d7dae7887
08:25:34   ⏳ meerwasser-aquarium-einstieg → gen_be1457ba2374
08:25:35   ⏳ wasseraufbereiter-aquarium-vergleich → gen_3229def77f42
08:25:35   ⏳ artemia-grindal-futtertiere-zuechten → gen_f0c17066d304
08:25:35   ⏳ aquarium-kamera-livestream → gen_0a5027c3159c
08:25:36   ⏳ uv-klaerer-aquarium-guide → gen_03ff5b57be68
08:25:36   ⏳ aquarium-luftpumpe-sauerstoff → gen_7ce6a34362b7
08:25:36   ⏳ iwagumi-aquascape-guide → gen_0e6641f05904
08:25:37   ⏳ biotop-aquarium-amazonas-asien → gen_2c587992b9ad
08:25:37   ⏳ bucephalandra-anubias-javafarn → gen_f90a42d7b4ad
08:25:37   ⏳ fischbesatz-nach-beckengroesse → gen_41fd4f2904e4
08:25:37   ⏳ stromausfall-aquarium-notfallplan → gen_447bdbe37a1a
08:25:38   ⏳ brackwasser-aquarium-guide → gen_af4065777f88
08:25:38   ⏳ kaltwasser-aquarium-guide → gen_272565f9227a
08:25:38   ⏳ aussenfilter-vs-innenfilter → gen_a554d10f6c7f
08:25:39   ⏳ low-tech-aquarium-ohne-co2 → gen_2b8b2dd023ff
08:25:39   ⏳ schwimmpflanzen-aquarium-guide → gen_fceabb3e786f
08:25:39   ⏳ urlaub-aquarium-futterautomat → gen_7be963a637b2
08:25:40 ✅ All 18 jobs submitted. Waiting...
08:25:40 [1/18] aquarium-futterautomat-guide-2026:
08:26:13      ⏳ 33s...
08:26:43      ⏳ 63s...
08:27:13      ⏳ 93s...
08:27:43      ⏳ 123s...
08:28:13      ⏳ 153s...
08:28:43      ⏳ 183s...
08:29:13      ⏳ 213s...
08:29:43      ⏳ 243s...
08:30:13      ⏳ 273s...
08:30:43      ⏳ 303s...
08:31:13      ⏳ 333s...
08:31:43      ⏳ 363s...
08:32:13      ⏳ 393s...
08:32:43      ⏳ 423s...
08:33:13      ⏳ 453s...
08:33:43      ⏳ 483s...
08:34:13      ⏳ 513s...
08:34:43      ⏳ 543s...
08:35:13      ⏳ 573s...
08:35:40   ❌ FAILED
08:35:40 [2/18] meerwasser-aquarium-einstieg:
08:36:13      ⏳ 33s...
08:36:43      ⏳ 63s...
08:37:13      ⏳ 93s...
08:37:44      ⏳ 123s...
08:38:14      ⏳ 153s...
08:38:44      ⏳ 183s...
08:39:14      ⏳ 213s...
08:39:44      ⏳ 243s...
08:40:14      ⏳ 273s...
08:40:44      ⏳ 303s...
08:41:14      ⏳ 333s...
08:41:44      ⏳ 363s...
08:42:14      ⏳ 393s...
08:42:44      ⏳ 423s...
08:43:14      ⏳ 453s...
08:43:44      ⏳ 483s...
08:44:14      ⏳ 513s...
08:44:44      ⏳ 543s...
08:45:14      ⏳ 573s...
08:45:41   ❌ FAILED
08:45:42 [3/18] wasseraufbereiter-aquarium-vergleich:
08:46:15      ⏳ 33s...
08:46:45      ⏳ 63s...
08:47:15      ⏳ 93s...
08:47:45      ⏳ 123s...
08:48:15      ⏳ 153s...
08:48:45      ⏳ 183s...
08:49:15      ⏳ 213s...
08:49:45      ⏳ 243s...
08:50:15      ⏳ 273s...
08:50:45      ⏳ 303s...
08:51:15      ⏳ 333s...
08:51:45      ⏳ 363s...
08:52:15      ⏳ 393s...
08:52:45      ⏳ 423s...
08:53:15      ⏳ 453s...
08:53:45      ⏳ 483s...
08:54:15      ⏳ 513s...
08:54:45      ⏳ 543s...
08:55:15      ⏳ 573s...
08:55:42   ❌ FAILED
08:55:42 [4/18] artemia-grindal-futtertiere-zuechten:
08:56:16      ⏳ 33s...
08:56:46      ⏳ 63s...
08:57:16      ⏳ 93s...
08:57:46      ⏳ 123s...
08:58:16      ⏳ 153s...
08:58:46      ⏳ 183s...
08:59:16      ⏳ 213s...
08:59:46      ⏳ 243s...
09:00:16      ⏳ 273s...
09:00:46      ⏳ 303s...
09:01:16      ⏳ 333s...
09:01:46      ⏳ 363s...
09:02:16      ⏳ 393s...
09:02:46      ⏳ 423s...
09:03:16      ⏳ 453s...
09:03:46      ⏳ 483s...
09:04:16      ⏳ 513s...
09:04:46      ⏳ 543s...
09:05:16      ⏳ 573s...
09:05:43   ❌ FAILED
09:05:43 [5/18] aquarium-kamera-livestream:
09:06:16      ⏳ 33s...
09:06:47      ⏳ 63s...
09:07:17      ⏳ 93s...
09:07:47      ⏳ 123s...
09:08:17      ⏳ 153s...
09:08:47      ⏳ 183s...
09:09:17      ⏳ 213s...
09:09:53      ⏳ 249s...
09:10:43      ⏳ 299s...
09:11:27      ⏳ 343s...
09:11:57      ⏳ 373s...
09:12:27      ⏳ 403s...
09:12:57      ⏳ 433s...
09:13:27      ⏳ 463s...
09:13:57      ⏳ 493s...
09:14:27      ⏳ 523s...
09:14:57      ⏳ 553s...
09:15:27      ⏳ 583s...
09:15:57      ⏳ 614s...
09:16:24   ❌ FAILED
09:16:25 [6/18] uv-klaerer-aquarium-guide:
09:16:58      ⏳ 33s...
09:17:28      ⏳ 63s...
09:17:58      ⏳ 93s...
09:18:28      ⏳ 123s...
09:18:58      ⏳ 153s...
09:19:28      ⏳ 183s...
09:19:58      ⏳ 213s...
09:20:28      ⏳ 243s...
09:20:58      ⏳ 273s...
09:21:28      ⏳ 303s...
09:21:58      ⏳ 333s...
09:22:28      ⏳ 363s...
09:22:58      ⏳ 393s...
09:23:28      ⏳ 423s...
09:23:58      ⏳ 453s...
09:24:28      ⏳ 483s...
09:24:58      ⏳ 513s...
09:25:28      ⏳ 543s...
